I, [2014-05-26T23:33:10.183460 #3444]  INFO -- default-centos-59: -----> Cleaning up any prior instances of <default-centos-59>
I, [2014-05-26T23:33:10.183614 #3444]  INFO -- default-centos-59: -----> Destroying <default-centos-59>...
I, [2014-05-26T23:33:10.185036 #3444]  INFO -- default-centos-59: Finished destroying <default-centos-59> (0m0.00s).
I, [2014-05-26T23:33:10.185265 #3444]  INFO -- default-centos-59: -----> Testing <default-centos-59>
I, [2014-05-26T23:33:10.185391 #3444]  INFO -- default-centos-59: -----> Creating <default-centos-59>...
I, [2014-05-26T23:33:11.186060 #3444]  INFO -- default-centos-59: Bringing machine 'default' up with 'virtualbox' provider...
I, [2014-05-26T23:33:11.362982 #3444]  INFO -- default-centos-59: ==> default: Box 'opscode-centos-5.9' could not be found. Attempting to find and install...
I, [2014-05-26T23:33:11.363162 #3444]  INFO -- default-centos-59:     default: Box Provider: virtualbox
I, [2014-05-26T23:33:11.363265 #3444]  INFO -- default-centos-59:     default: Box Version: >= 0
I, [2014-05-26T23:33:13.065054 #3444]  INFO -- default-centos-59: ==> default: Adding box 'opscode-centos-5.9' (v0) for provider: virtualbox
I, [2014-05-26T23:33:13.070481 #3444]  INFO -- default-centos-59:     default: Downloading: https://opscode-vm-bento.s3.amazonaws.com/vagrant/virtualbox/opscode_centos-5.9_chef-provisionerless.box
[K    default: Progress: 0% (Rate: 0/s, Estimated time remaining: --:--:--)[KE, [2014-05-26T23:33:13.887591 #3444] ERROR -- default-centos-59: Create failed on instance <default-centos-59>.
E, [2014-05-26T23:33:13.888019 #3444] ERROR -- default-centos-59: ------Exception-------
E, [2014-05-26T23:33:13.888102 #3444] ERROR -- default-centos-59: Class: Kitchen::ShellOut::ShellCommandFailed
E, [2014-05-26T23:33:13.888164 #3444] ERROR -- default-centos-59: Message: Expected process to exit with [0], but received '1'
---- Begin output of vagrant up --no-provision --provider=virtualbox ----
STDOUT: Bringing machine 'default' up with 'virtualbox' provider...
==> default: Box 'opscode-centos-5.9' could not be found. Attempting to find and install...
    default: Box Provider: virtualbox
    default: Box Version: >= 0
==> default: Adding box 'opscode-centos-5.9' (v0) for provider: virtualbox
    default: Downloading: https://opscode-vm-bento.s3.amazonaws.com/vagrant/virtualbox/opscode_centos-5.9_chef-provisionerless.box
[K    default: Progress: 0% (Rate: 0/s, Estimated time remaining: --:--:--)[K
STDERR: An error occurred while downloading the remote file. The error
message, if any, is reproduced below. Please fix this error and try
again.

The requested URL returned error: 404 Not Found
---- End output of vagrant up --no-provision --provider=virtualbox ----
Ran vagrant up --no-provision --provider=virtualbox returned 1
E, [2014-05-26T23:33:13.888239 #3444] ERROR -- default-centos-59: ---Nested Exception---
E, [2014-05-26T23:33:13.888294 #3444] ERROR -- default-centos-59: Class: Mixlib::ShellOut::ShellCommandFailed
E, [2014-05-26T23:33:13.888354 #3444] ERROR -- default-centos-59: Message: Expected process to exit with [0], but received '1'
---- Begin output of vagrant up --no-provision --provider=virtualbox ----
STDOUT: Bringing machine 'default' up with 'virtualbox' provider...
==> default: Box 'opscode-centos-5.9' could not be found. Attempting to find and install...
    default: Box Provider: virtualbox
    default: Box Version: >= 0
==> default: Adding box 'opscode-centos-5.9' (v0) for provider: virtualbox
    default: Downloading: https://opscode-vm-bento.s3.amazonaws.com/vagrant/virtualbox/opscode_centos-5.9_chef-provisionerless.box
[K    default: Progress: 0% (Rate: 0/s, Estimated time remaining: --:--:--)[K
STDERR: An error occurred while downloading the remote file. The error
message, if any, is reproduced below. Please fix this error and try
again.

The requested URL returned error: 404 Not Found
---- End output of vagrant up --no-provision --provider=virtualbox ----
Ran vagrant up --no-provision --provider=virtualbox returned 1
E, [2014-05-26T23:33:13.888571 #3444] ERROR -- default-centos-59: ------Backtrace-------
E, [2014-05-26T23:33:13.888669 #3444] ERROR -- default-centos-59: /Users/nagane/.rbenv/versions/2.1.0/lib/ruby/gems/2.1.0/gems/test-kitchen-1.2.1/lib/kitchen/shell_out.rb:70:in `rescue in run_command'
E, [2014-05-26T23:33:13.888738 #3444] ERROR -- default-centos-59: /Users/nagane/.rbenv/versions/2.1.0/lib/ruby/gems/2.1.0/gems/test-kitchen-1.2.1/lib/kitchen/shell_out.rb:59:in `run_command'
E, [2014-05-26T23:33:13.888803 #3444] ERROR -- default-centos-59: /Users/nagane/.rbenv/versions/2.1.0/lib/ruby/gems/2.1.0/gems/test-kitchen-1.2.1/lib/kitchen/driver/base.rb:158:in `run_command'
E, [2014-05-26T23:33:13.888865 #3444] ERROR -- default-centos-59: /Users/nagane/.rbenv/versions/2.1.0/lib/ruby/gems/2.1.0/gems/kitchen-vagrant-0.15.0/lib/kitchen/driver/vagrant.rb:123:in `run'
E, [2014-05-26T23:33:13.888918 #3444] ERROR -- default-centos-59: /Users/nagane/.rbenv/versions/2.1.0/lib/ruby/gems/2.1.0/gems/kitchen-vagrant-0.15.0/lib/kitchen/driver/vagrant.rb:68:in `create'
E, [2014-05-26T23:33:13.888980 #3444] ERROR -- default-centos-59: /Users/nagane/.rbenv/versions/2.1.0/lib/ruby/gems/2.1.0/gems/test-kitchen-1.2.1/lib/kitchen/instance.rb:273:in `public_send'
E, [2014-05-26T23:33:13.889038 #3444] ERROR -- default-centos-59: /Users/nagane/.rbenv/versions/2.1.0/lib/ruby/gems/2.1.0/gems/test-kitchen-1.2.1/lib/kitchen/instance.rb:273:in `block in perform_action'
E, [2014-05-26T23:33:13.889104 #3444] ERROR -- default-centos-59: /Users/nagane/.rbenv/versions/2.1.0/lib/ruby/gems/2.1.0/gems/test-kitchen-1.2.1/lib/kitchen/instance.rb:305:in `call'
E, [2014-05-26T23:33:13.889148 #3444] ERROR -- default-centos-59: /Users/nagane/.rbenv/versions/2.1.0/lib/ruby/gems/2.1.0/gems/test-kitchen-1.2.1/lib/kitchen/instance.rb:305:in `block in synchronize_or_call'
E, [2014-05-26T23:33:13.889189 #3444] ERROR -- default-centos-59: /Users/nagane/.rbenv/versions/2.1.0/lib/ruby/gems/2.1.0/gems/test-kitchen-1.2.1/lib/kitchen/instance.rb:303:in `synchronize'
E, [2014-05-26T23:33:13.889235 #3444] ERROR -- default-centos-59: /Users/nagane/.rbenv/versions/2.1.0/lib/ruby/gems/2.1.0/gems/test-kitchen-1.2.1/lib/kitchen/instance.rb:303:in `synchronize_or_call'
E, [2014-05-26T23:33:13.889276 #3444] ERROR -- default-centos-59: /Users/nagane/.rbenv/versions/2.1.0/lib/ruby/gems/2.1.0/gems/test-kitchen-1.2.1/lib/kitchen/instance.rb:283:in `block in action'
E, [2014-05-26T23:33:13.889321 #3444] ERROR -- default-centos-59: /Users/nagane/.rbenv/versions/2.1.0/lib/ruby/2.1.0/benchmark.rb:279:in `measure'
E, [2014-05-26T23:33:13.889366 #3444] ERROR -- default-centos-59: /Users/nagane/.rbenv/versions/2.1.0/lib/ruby/gems/2.1.0/gems/test-kitchen-1.2.1/lib/kitchen/instance.rb:282:in `action'
E, [2014-05-26T23:33:13.889479 #3444] ERROR -- default-centos-59: /Users/nagane/.rbenv/versions/2.1.0/lib/ruby/gems/2.1.0/gems/test-kitchen-1.2.1/lib/kitchen/instance.rb:273:in `perform_action'
E, [2014-05-26T23:33:13.889519 #3444] ERROR -- default-centos-59: /Users/nagane/.rbenv/versions/2.1.0/lib/ruby/gems/2.1.0/gems/test-kitchen-1.2.1/lib/kitchen/instance.rb:252:in `create_action'
E, [2014-05-26T23:33:13.889556 #3444] ERROR -- default-centos-59: /Users/nagane/.rbenv/versions/2.1.0/lib/ruby/gems/2.1.0/gems/test-kitchen-1.2.1/lib/kitchen/instance.rb:246:in `block in transition_to'
E, [2014-05-26T23:33:13.889592 #3444] ERROR -- default-centos-59: /Users/nagane/.rbenv/versions/2.1.0/lib/ruby/gems/2.1.0/gems/test-kitchen-1.2.1/lib/kitchen/instance.rb:245:in `each'
E, [2014-05-26T23:33:13.889627 #3444] ERROR -- default-centos-59: /Users/nagane/.rbenv/versions/2.1.0/lib/ruby/gems/2.1.0/gems/test-kitchen-1.2.1/lib/kitchen/instance.rb:245:in `transition_to'
E, [2014-05-26T23:33:13.889661 #3444] ERROR -- default-centos-59: /Users/nagane/.rbenv/versions/2.1.0/lib/ruby/gems/2.1.0/gems/test-kitchen-1.2.1/lib/kitchen/instance.rb:141:in `verify'
E, [2014-05-26T23:33:13.889699 #3444] ERROR -- default-centos-59: /Users/nagane/.rbenv/versions/2.1.0/lib/ruby/gems/2.1.0/gems/test-kitchen-1.2.1/lib/kitchen/instance.rb:170:in `block in test'
E, [2014-05-26T23:33:13.889732 #3444] ERROR -- default-centos-59: /Users/nagane/.rbenv/versions/2.1.0/lib/ruby/2.1.0/benchmark.rb:279:in `measure'
E, [2014-05-26T23:33:13.889785 #3444] ERROR -- default-centos-59: /Users/nagane/.rbenv/versions/2.1.0/lib/ruby/gems/2.1.0/gems/test-kitchen-1.2.1/lib/kitchen/instance.rb:166:in `test'
E, [2014-05-26T23:33:13.889821 #3444] ERROR -- default-centos-59: /Users/nagane/.rbenv/versions/2.1.0/lib/ruby/gems/2.1.0/gems/test-kitchen-1.2.1/lib/kitchen/command.rb:109:in `public_send'
E, [2014-05-26T23:33:13.889854 #3444] ERROR -- default-centos-59: /Users/nagane/.rbenv/versions/2.1.0/lib/ruby/gems/2.1.0/gems/test-kitchen-1.2.1/lib/kitchen/command.rb:109:in `block (2 levels) in run_action'
E, [2014-05-26T23:33:13.889917 #3444] ERROR -- default-centos-59: ----------------------
I, [2014-05-26T23:33:50.473338 #3493]  INFO -- default-centos-59: -----> Cleaning up any prior instances of <default-centos-59>
I, [2014-05-26T23:33:50.473603 #3493]  INFO -- default-centos-59: -----> Destroying <default-centos-59>...
I, [2014-05-26T23:33:50.474430 #3493]  INFO -- default-centos-59: Finished destroying <default-centos-59> (0m0.00s).
I, [2014-05-26T23:33:50.474684 #3493]  INFO -- default-centos-59: -----> Testing <default-centos-59>
I, [2014-05-26T23:33:50.474813 #3493]  INFO -- default-centos-59: -----> Creating <default-centos-59>...
I, [2014-05-26T23:33:51.484468 #3493]  INFO -- default-centos-59: Bringing machine 'default' up with 'virtualbox' provider...
I, [2014-05-26T23:33:51.655209 #3493]  INFO -- default-centos-59: ==> default: Box 'opscode-centos-5.9' could not be found. Attempting to find and install...
I, [2014-05-26T23:33:51.655349 #3493]  INFO -- default-centos-59:     default: Box Provider: virtualbox
I, [2014-05-26T23:33:51.655559 #3493]  INFO -- default-centos-59:     default: Box Version: >= 0
I, [2014-05-26T23:33:52.916261 #3493]  INFO -- default-centos-59: ==> default: Adding box 'opscode-centos-5.9' (v0) for provider: virtualbox
I, [2014-05-26T23:33:52.921805 #3493]  INFO -- default-centos-59:     default: Downloading: https://opscode-vm-bento.s3.amazonaws.com/vagrant/virtualbox/opscode_centos-5.9_chef-provisionerless.box
[K    default: Progress: 0% (Rate: 0/s, Estimated time remaining: --:--:--)[KE, [2014-05-26T23:33:53.782501 #3493] ERROR -- default-centos-59: Create failed on instance <default-centos-59>.
E, [2014-05-26T23:33:53.782767 #3493] ERROR -- default-centos-59: ------Exception-------
E, [2014-05-26T23:33:53.782811 #3493] ERROR -- default-centos-59: Class: Kitchen::ShellOut::ShellCommandFailed
E, [2014-05-26T23:33:53.782833 #3493] ERROR -- default-centos-59: Message: Expected process to exit with [0], but received '1'
---- Begin output of vagrant up --no-provision --provider=virtualbox ----
STDOUT: Bringing machine 'default' up with 'virtualbox' provider...
==> default: Box 'opscode-centos-5.9' could not be found. Attempting to find and install...
    default: Box Provider: virtualbox
    default: Box Version: >= 0
==> default: Adding box 'opscode-centos-5.9' (v0) for provider: virtualbox
    default: Downloading: https://opscode-vm-bento.s3.amazonaws.com/vagrant/virtualbox/opscode_centos-5.9_chef-provisionerless.box
[K    default: Progress: 0% (Rate: 0/s, Estimated time remaining: --:--:--)[K
STDERR: An error occurred while downloading the remote file. The error
message, if any, is reproduced below. Please fix this error and try
again.

The requested URL returned error: 404 Not Found
---- End output of vagrant up --no-provision --provider=virtualbox ----
Ran vagrant up --no-provision --provider=virtualbox returned 1
E, [2014-05-26T23:33:53.782873 #3493] ERROR -- default-centos-59: ---Nested Exception---
E, [2014-05-26T23:33:53.782895 #3493] ERROR -- default-centos-59: Class: Mixlib::ShellOut::ShellCommandFailed
E, [2014-05-26T23:33:53.782919 #3493] ERROR -- default-centos-59: Message: Expected process to exit with [0], but received '1'
---- Begin output of vagrant up --no-provision --provider=virtualbox ----
STDOUT: Bringing machine 'default' up with 'virtualbox' provider...
==> default: Box 'opscode-centos-5.9' could not be found. Attempting to find and install...
    default: Box Provider: virtualbox
    default: Box Version: >= 0
==> default: Adding box 'opscode-centos-5.9' (v0) for provider: virtualbox
    default: Downloading: https://opscode-vm-bento.s3.amazonaws.com/vagrant/virtualbox/opscode_centos-5.9_chef-provisionerless.box
[K    default: Progress: 0% (Rate: 0/s, Estimated time remaining: --:--:--)[K
STDERR: An error occurred while downloading the remote file. The error
message, if any, is reproduced below. Please fix this error and try
again.

The requested URL returned error: 404 Not Found
---- End output of vagrant up --no-provision --provider=virtualbox ----
Ran vagrant up --no-provision --provider=virtualbox returned 1
E, [2014-05-26T23:33:53.782968 #3493] ERROR -- default-centos-59: ------Backtrace-------
E, [2014-05-26T23:33:53.782995 #3493] ERROR -- default-centos-59: /Users/nagane/.rbenv/versions/2.1.0/lib/ruby/gems/2.1.0/gems/test-kitchen-1.2.1/lib/kitchen/shell_out.rb:70:in `rescue in run_command'
E, [2014-05-26T23:33:53.783022 #3493] ERROR -- default-centos-59: /Users/nagane/.rbenv/versions/2.1.0/lib/ruby/gems/2.1.0/gems/test-kitchen-1.2.1/lib/kitchen/shell_out.rb:59:in `run_command'
E, [2014-05-26T23:33:53.783287 #3493] ERROR -- default-centos-59: /Users/nagane/.rbenv/versions/2.1.0/lib/ruby/gems/2.1.0/gems/test-kitchen-1.2.1/lib/kitchen/driver/base.rb:158:in `run_command'
E, [2014-05-26T23:33:53.783309 #3493] ERROR -- default-centos-59: /Users/nagane/.rbenv/versions/2.1.0/lib/ruby/gems/2.1.0/gems/kitchen-vagrant-0.15.0/lib/kitchen/driver/vagrant.rb:123:in `run'
E, [2014-05-26T23:33:53.783332 #3493] ERROR -- default-centos-59: /Users/nagane/.rbenv/versions/2.1.0/lib/ruby/gems/2.1.0/gems/kitchen-vagrant-0.15.0/lib/kitchen/driver/vagrant.rb:68:in `create'
E, [2014-05-26T23:33:53.783357 #3493] ERROR -- default-centos-59: /Users/nagane/.rbenv/versions/2.1.0/lib/ruby/gems/2.1.0/gems/test-kitchen-1.2.1/lib/kitchen/instance.rb:273:in `public_send'
E, [2014-05-26T23:33:53.783379 #3493] ERROR -- default-centos-59: /Users/nagane/.rbenv/versions/2.1.0/lib/ruby/gems/2.1.0/gems/test-kitchen-1.2.1/lib/kitchen/instance.rb:273:in `block in perform_action'
E, [2014-05-26T23:33:53.783406 #3493] ERROR -- default-centos-59: /Users/nagane/.rbenv/versions/2.1.0/lib/ruby/gems/2.1.0/gems/test-kitchen-1.2.1/lib/kitchen/instance.rb:305:in `call'
E, [2014-05-26T23:33:53.783428 #3493] ERROR -- default-centos-59: /Users/nagane/.rbenv/versions/2.1.0/lib/ruby/gems/2.1.0/gems/test-kitchen-1.2.1/lib/kitchen/instance.rb:305:in `block in synchronize_or_call'
E, [2014-05-26T23:33:53.783452 #3493] ERROR -- default-centos-59: /Users/nagane/.rbenv/versions/2.1.0/lib/ruby/gems/2.1.0/gems/test-kitchen-1.2.1/lib/kitchen/instance.rb:303:in `synchronize'
E, [2014-05-26T23:33:53.783477 #3493] ERROR -- default-centos-59: /Users/nagane/.rbenv/versions/2.1.0/lib/ruby/gems/2.1.0/gems/test-kitchen-1.2.1/lib/kitchen/instance.rb:303:in `synchronize_or_call'
E, [2014-05-26T23:33:53.783501 #3493] ERROR -- default-centos-59: /Users/nagane/.rbenv/versions/2.1.0/lib/ruby/gems/2.1.0/gems/test-kitchen-1.2.1/lib/kitchen/instance.rb:283:in `block in action'
E, [2014-05-26T23:33:53.783521 #3493] ERROR -- default-centos-59: /Users/nagane/.rbenv/versions/2.1.0/lib/ruby/2.1.0/benchmark.rb:279:in `measure'
E, [2014-05-26T23:33:53.783541 #3493] ERROR -- default-centos-59: /Users/nagane/.rbenv/versions/2.1.0/lib/ruby/gems/2.1.0/gems/test-kitchen-1.2.1/lib/kitchen/instance.rb:282:in `action'
E, [2014-05-26T23:33:53.783560 #3493] ERROR -- default-centos-59: /Users/nagane/.rbenv/versions/2.1.0/lib/ruby/gems/2.1.0/gems/test-kitchen-1.2.1/lib/kitchen/instance.rb:273:in `perform_action'
E, [2014-05-26T23:33:53.783585 #3493] ERROR -- default-centos-59: /Users/nagane/.rbenv/versions/2.1.0/lib/ruby/gems/2.1.0/gems/test-kitchen-1.2.1/lib/kitchen/instance.rb:252:in `create_action'
E, [2014-05-26T23:33:53.783608 #3493] ERROR -- default-centos-59: /Users/nagane/.rbenv/versions/2.1.0/lib/ruby/gems/2.1.0/gems/test-kitchen-1.2.1/lib/kitchen/instance.rb:246:in `block in transition_to'
E, [2014-05-26T23:33:53.783668 #3493] ERROR -- default-centos-59: /Users/nagane/.rbenv/versions/2.1.0/lib/ruby/gems/2.1.0/gems/test-kitchen-1.2.1/lib/kitchen/instance.rb:245:in `each'
E, [2014-05-26T23:33:53.783694 #3493] ERROR -- default-centos-59: /Users/nagane/.rbenv/versions/2.1.0/lib/ruby/gems/2.1.0/gems/test-kitchen-1.2.1/lib/kitchen/instance.rb:245:in `transition_to'
E, [2014-05-26T23:33:53.783717 #3493] ERROR -- default-centos-59: /Users/nagane/.rbenv/versions/2.1.0/lib/ruby/gems/2.1.0/gems/test-kitchen-1.2.1/lib/kitchen/instance.rb:141:in `verify'
E, [2014-05-26T23:33:53.783739 #3493] ERROR -- default-centos-59: /Users/nagane/.rbenv/versions/2.1.0/lib/ruby/gems/2.1.0/gems/test-kitchen-1.2.1/lib/kitchen/instance.rb:170:in `block in test'
E, [2014-05-26T23:33:53.783763 #3493] ERROR -- default-centos-59: /Users/nagane/.rbenv/versions/2.1.0/lib/ruby/2.1.0/benchmark.rb:279:in `measure'
E, [2014-05-26T23:33:53.783785 #3493] ERROR -- default-centos-59: /Users/nagane/.rbenv/versions/2.1.0/lib/ruby/gems/2.1.0/gems/test-kitchen-1.2.1/lib/kitchen/instance.rb:166:in `test'
E, [2014-05-26T23:33:53.783809 #3493] ERROR -- default-centos-59: /Users/nagane/.rbenv/versions/2.1.0/lib/ruby/gems/2.1.0/gems/test-kitchen-1.2.1/lib/kitchen/command.rb:109:in `public_send'
E, [2014-05-26T23:33:53.783831 #3493] ERROR -- default-centos-59: /Users/nagane/.rbenv/versions/2.1.0/lib/ruby/gems/2.1.0/gems/test-kitchen-1.2.1/lib/kitchen/command.rb:109:in `block (2 levels) in run_action'
E, [2014-05-26T23:33:53.783854 #3493] ERROR -- default-centos-59: ----------------------
