I, [2014-05-26T23:33:09.865351 #3444]  INFO -- Kitchen: -----> Starting Kitchen (v1.2.1)
I, [2014-05-26T23:33:10.183384 #3444]  INFO -- Kitchen: -----> Cleaning up any prior instances of <default-centos-59>
I, [2014-05-26T23:33:10.183571 #3444]  INFO -- Kitchen: -----> Destroying <default-centos-59>...
I, [2014-05-26T23:33:10.185233 #3444]  INFO -- Kitchen: -----> Testing <default-centos-59>
I, [2014-05-26T23:33:10.185326 #3444]  INFO -- Kitchen: -----> Creating <default-centos-59>...
E, [2014-05-26T23:33:13.891073 #3444] ERROR -- Kitchen: ------Exception-------
E, [2014-05-26T23:33:13.891142 #3444] ERROR -- Kitchen: Class: Kitchen::ActionFailed
E, [2014-05-26T23:33:13.891181 #3444] ERROR -- Kitchen: Message: Failed to complete #create action: [Expected process to exit with [0], but received '1'
---- Begin output of vagrant up --no-provision --provider=virtualbox ----
STDOUT: Bringing machine 'default' up with 'virtualbox' provider...
==> default: Box 'opscode-centos-5.9' could not be found. Attempting to find and install...
    default: Box Provider: virtualbox
    default: Box Version: >= 0
==> default: Adding box 'opscode-centos-5.9' (v0) for provider: virtualbox
    default: Downloading: https://opscode-vm-bento.s3.amazonaws.com/vagrant/virtualbox/opscode_centos-5.9_chef-provisionerless.box
[K    default: Progress: 0% (Rate: 0/s, Estimated time remaining: --:--:--)[K
STDERR: An error occurred while downloading the remote file. The error
message, if any, is reproduced below. Please fix this error and try
again.

The requested URL returned error: 404 Not Found
---- End output of vagrant up --no-provision --provider=virtualbox ----
Ran vagrant up --no-provision --provider=virtualbox returned 1]
E, [2014-05-26T23:33:13.891218 #3444] ERROR -- Kitchen: ---Nested Exception---
E, [2014-05-26T23:33:13.891253 #3444] ERROR -- Kitchen: Class: Kitchen::ShellOut::ShellCommandFailed
E, [2014-05-26T23:33:13.891288 #3444] ERROR -- Kitchen: Message: Expected process to exit with [0], but received '1'
---- Begin output of vagrant up --no-provision --provider=virtualbox ----
STDOUT: Bringing machine 'default' up with 'virtualbox' provider...
==> default: Box 'opscode-centos-5.9' could not be found. Attempting to find and install...
    default: Box Provider: virtualbox
    default: Box Version: >= 0
==> default: Adding box 'opscode-centos-5.9' (v0) for provider: virtualbox
    default: Downloading: https://opscode-vm-bento.s3.amazonaws.com/vagrant/virtualbox/opscode_centos-5.9_chef-provisionerless.box
[K    default: Progress: 0% (Rate: 0/s, Estimated time remaining: --:--:--)[K
STDERR: An error occurred while downloading the remote file. The error
message, if any, is reproduced below. Please fix this error and try
again.

The requested URL returned error: 404 Not Found
---- End output of vagrant up --no-provision --provider=virtualbox ----
Ran vagrant up --no-provision --provider=virtualbox returned 1
E, [2014-05-26T23:33:13.891324 #3444] ERROR -- Kitchen: ------Backtrace-------
E, [2014-05-26T23:33:13.891359 #3444] ERROR -- Kitchen: /Users/nagane/.rbenv/versions/2.1.0/lib/ruby/gems/2.1.0/gems/test-kitchen-1.2.1/lib/kitchen/shell_out.rb:70:in `rescue in run_command'
E, [2014-05-26T23:33:13.891395 #3444] ERROR -- Kitchen: /Users/nagane/.rbenv/versions/2.1.0/lib/ruby/gems/2.1.0/gems/test-kitchen-1.2.1/lib/kitchen/shell_out.rb:59:in `run_command'
E, [2014-05-26T23:33:13.891430 #3444] ERROR -- Kitchen: /Users/nagane/.rbenv/versions/2.1.0/lib/ruby/gems/2.1.0/gems/test-kitchen-1.2.1/lib/kitchen/driver/base.rb:158:in `run_command'
E, [2014-05-26T23:33:13.891466 #3444] ERROR -- Kitchen: /Users/nagane/.rbenv/versions/2.1.0/lib/ruby/gems/2.1.0/gems/kitchen-vagrant-0.15.0/lib/kitchen/driver/vagrant.rb:123:in `run'
E, [2014-05-26T23:33:13.891501 #3444] ERROR -- Kitchen: /Users/nagane/.rbenv/versions/2.1.0/lib/ruby/gems/2.1.0/gems/kitchen-vagrant-0.15.0/lib/kitchen/driver/vagrant.rb:68:in `create'
E, [2014-05-26T23:33:13.891581 #3444] ERROR -- Kitchen: /Users/nagane/.rbenv/versions/2.1.0/lib/ruby/gems/2.1.0/gems/test-kitchen-1.2.1/lib/kitchen/instance.rb:273:in `public_send'
E, [2014-05-26T23:33:13.891635 #3444] ERROR -- Kitchen: /Users/nagane/.rbenv/versions/2.1.0/lib/ruby/gems/2.1.0/gems/test-kitchen-1.2.1/lib/kitchen/instance.rb:273:in `block in perform_action'
E, [2014-05-26T23:33:13.891675 #3444] ERROR -- Kitchen: /Users/nagane/.rbenv/versions/2.1.0/lib/ruby/gems/2.1.0/gems/test-kitchen-1.2.1/lib/kitchen/instance.rb:305:in `call'
E, [2014-05-26T23:33:13.891710 #3444] ERROR -- Kitchen: /Users/nagane/.rbenv/versions/2.1.0/lib/ruby/gems/2.1.0/gems/test-kitchen-1.2.1/lib/kitchen/instance.rb:305:in `block in synchronize_or_call'
E, [2014-05-26T23:33:13.891746 #3444] ERROR -- Kitchen: /Users/nagane/.rbenv/versions/2.1.0/lib/ruby/gems/2.1.0/gems/test-kitchen-1.2.1/lib/kitchen/instance.rb:303:in `synchronize'
E, [2014-05-26T23:33:13.891780 #3444] ERROR -- Kitchen: /Users/nagane/.rbenv/versions/2.1.0/lib/ruby/gems/2.1.0/gems/test-kitchen-1.2.1/lib/kitchen/instance.rb:303:in `synchronize_or_call'
E, [2014-05-26T23:33:13.891815 #3444] ERROR -- Kitchen: /Users/nagane/.rbenv/versions/2.1.0/lib/ruby/gems/2.1.0/gems/test-kitchen-1.2.1/lib/kitchen/instance.rb:283:in `block in action'
E, [2014-05-26T23:33:13.891855 #3444] ERROR -- Kitchen: /Users/nagane/.rbenv/versions/2.1.0/lib/ruby/2.1.0/benchmark.rb:279:in `measure'
E, [2014-05-26T23:33:13.891891 #3444] ERROR -- Kitchen: /Users/nagane/.rbenv/versions/2.1.0/lib/ruby/gems/2.1.0/gems/test-kitchen-1.2.1/lib/kitchen/instance.rb:282:in `action'
E, [2014-05-26T23:33:13.891927 #3444] ERROR -- Kitchen: /Users/nagane/.rbenv/versions/2.1.0/lib/ruby/gems/2.1.0/gems/test-kitchen-1.2.1/lib/kitchen/instance.rb:273:in `perform_action'
E, [2014-05-26T23:33:13.891962 #3444] ERROR -- Kitchen: /Users/nagane/.rbenv/versions/2.1.0/lib/ruby/gems/2.1.0/gems/test-kitchen-1.2.1/lib/kitchen/instance.rb:252:in `create_action'
E, [2014-05-26T23:33:13.891997 #3444] ERROR -- Kitchen: /Users/nagane/.rbenv/versions/2.1.0/lib/ruby/gems/2.1.0/gems/test-kitchen-1.2.1/lib/kitchen/instance.rb:246:in `block in transition_to'
E, [2014-05-26T23:33:13.892032 #3444] ERROR -- Kitchen: /Users/nagane/.rbenv/versions/2.1.0/lib/ruby/gems/2.1.0/gems/test-kitchen-1.2.1/lib/kitchen/instance.rb:245:in `each'
E, [2014-05-26T23:33:13.892146 #3444] ERROR -- Kitchen: /Users/nagane/.rbenv/versions/2.1.0/lib/ruby/gems/2.1.0/gems/test-kitchen-1.2.1/lib/kitchen/instance.rb:245:in `transition_to'
E, [2014-05-26T23:33:13.892183 #3444] ERROR -- Kitchen: /Users/nagane/.rbenv/versions/2.1.0/lib/ruby/gems/2.1.0/gems/test-kitchen-1.2.1/lib/kitchen/instance.rb:141:in `verify'
E, [2014-05-26T23:33:13.892218 #3444] ERROR -- Kitchen: /Users/nagane/.rbenv/versions/2.1.0/lib/ruby/gems/2.1.0/gems/test-kitchen-1.2.1/lib/kitchen/instance.rb:170:in `block in test'
E, [2014-05-26T23:33:13.892253 #3444] ERROR -- Kitchen: /Users/nagane/.rbenv/versions/2.1.0/lib/ruby/2.1.0/benchmark.rb:279:in `measure'
E, [2014-05-26T23:33:13.892287 #3444] ERROR -- Kitchen: /Users/nagane/.rbenv/versions/2.1.0/lib/ruby/gems/2.1.0/gems/test-kitchen-1.2.1/lib/kitchen/instance.rb:166:in `test'
E, [2014-05-26T23:33:13.892322 #3444] ERROR -- Kitchen: /Users/nagane/.rbenv/versions/2.1.0/lib/ruby/gems/2.1.0/gems/test-kitchen-1.2.1/lib/kitchen/command.rb:109:in `public_send'
E, [2014-05-26T23:33:13.892357 #3444] ERROR -- Kitchen: /Users/nagane/.rbenv/versions/2.1.0/lib/ruby/gems/2.1.0/gems/test-kitchen-1.2.1/lib/kitchen/command.rb:109:in `block (2 levels) in run_action'
E, [2014-05-26T23:33:13.892392 #3444] ERROR -- Kitchen: ----------------------
I, [2014-05-26T23:33:50.159044 #3493]  INFO -- Kitchen: -----> Starting Kitchen (v1.2.1)
I, [2014-05-26T23:33:50.473267 #3493]  INFO -- Kitchen: -----> Cleaning up any prior instances of <default-centos-59>
I, [2014-05-26T23:33:50.473573 #3493]  INFO -- Kitchen: -----> Destroying <default-centos-59>...
I, [2014-05-26T23:33:50.474645 #3493]  INFO -- Kitchen: -----> Testing <default-centos-59>
I, [2014-05-26T23:33:50.474777 #3493]  INFO -- Kitchen: -----> Creating <default-centos-59>...
E, [2014-05-26T23:33:53.784758 #3493] ERROR -- Kitchen: ------Exception-------
E, [2014-05-26T23:33:53.784845 #3493] ERROR -- Kitchen: Class: Kitchen::ActionFailed
E, [2014-05-26T23:33:53.784902 #3493] ERROR -- Kitchen: Message: Failed to complete #create action: [Expected process to exit with [0], but received '1'
---- Begin output of vagrant up --no-provision --provider=virtualbox ----
STDOUT: Bringing machine 'default' up with 'virtualbox' provider...
==> default: Box 'opscode-centos-5.9' could not be found. Attempting to find and install...
    default: Box Provider: virtualbox
    default: Box Version: >= 0
==> default: Adding box 'opscode-centos-5.9' (v0) for provider: virtualbox
    default: Downloading: https://opscode-vm-bento.s3.amazonaws.com/vagrant/virtualbox/opscode_centos-5.9_chef-provisionerless.box
[K    default: Progress: 0% (Rate: 0/s, Estimated time remaining: --:--:--)[K
STDERR: An error occurred while downloading the remote file. The error
message, if any, is reproduced below. Please fix this error and try
again.

The requested URL returned error: 404 Not Found
---- End output of vagrant up --no-provision --provider=virtualbox ----
Ran vagrant up --no-provision --provider=virtualbox returned 1]
E, [2014-05-26T23:33:53.784943 #3493] ERROR -- Kitchen: ---Nested Exception---
E, [2014-05-26T23:33:53.784972 #3493] ERROR -- Kitchen: Class: Kitchen::ShellOut::ShellCommandFailed
E, [2014-05-26T23:33:53.784994 #3493] ERROR -- Kitchen: Message: Expected process to exit with [0], but received '1'
---- Begin output of vagrant up --no-provision --provider=virtualbox ----
STDOUT: Bringing machine 'default' up with 'virtualbox' provider...
==> default: Box 'opscode-centos-5.9' could not be found. Attempting to find and install...
    default: Box Provider: virtualbox
    default: Box Version: >= 0
==> default: Adding box 'opscode-centos-5.9' (v0) for provider: virtualbox
    default: Downloading: https://opscode-vm-bento.s3.amazonaws.com/vagrant/virtualbox/opscode_centos-5.9_chef-provisionerless.box
[K    default: Progress: 0% (Rate: 0/s, Estimated time remaining: --:--:--)[K
STDERR: An error occurred while downloading the remote file. The error
message, if any, is reproduced below. Please fix this error and try
again.

The requested URL returned error: 404 Not Found
---- End output of vagrant up --no-provision --provider=virtualbox ----
Ran vagrant up --no-provision --provider=virtualbox returned 1
E, [2014-05-26T23:33:53.785017 #3493] ERROR -- Kitchen: ------Backtrace-------
E, [2014-05-26T23:33:53.785038 #3493] ERROR -- Kitchen: /Users/nagane/.rbenv/versions/2.1.0/lib/ruby/gems/2.1.0/gems/test-kitchen-1.2.1/lib/kitchen/shell_out.rb:70:in `rescue in run_command'
E, [2014-05-26T23:33:53.785071 #3493] ERROR -- Kitchen: /Users/nagane/.rbenv/versions/2.1.0/lib/ruby/gems/2.1.0/gems/test-kitchen-1.2.1/lib/kitchen/shell_out.rb:59:in `run_command'
E, [2014-05-26T23:33:53.785095 #3493] ERROR -- Kitchen: /Users/nagane/.rbenv/versions/2.1.0/lib/ruby/gems/2.1.0/gems/test-kitchen-1.2.1/lib/kitchen/driver/base.rb:158:in `run_command'
E, [2014-05-26T23:33:53.785127 #3493] ERROR -- Kitchen: /Users/nagane/.rbenv/versions/2.1.0/lib/ruby/gems/2.1.0/gems/kitchen-vagrant-0.15.0/lib/kitchen/driver/vagrant.rb:123:in `run'
E, [2014-05-26T23:33:53.785149 #3493] ERROR -- Kitchen: /Users/nagane/.rbenv/versions/2.1.0/lib/ruby/gems/2.1.0/gems/kitchen-vagrant-0.15.0/lib/kitchen/driver/vagrant.rb:68:in `create'
E, [2014-05-26T23:33:53.785171 #3493] ERROR -- Kitchen: /Users/nagane/.rbenv/versions/2.1.0/lib/ruby/gems/2.1.0/gems/test-kitchen-1.2.1/lib/kitchen/instance.rb:273:in `public_send'
E, [2014-05-26T23:33:53.785193 #3493] ERROR -- Kitchen: /Users/nagane/.rbenv/versions/2.1.0/lib/ruby/gems/2.1.0/gems/test-kitchen-1.2.1/lib/kitchen/instance.rb:273:in `block in perform_action'
E, [2014-05-26T23:33:53.785259 #3493] ERROR -- Kitchen: /Users/nagane/.rbenv/versions/2.1.0/lib/ruby/gems/2.1.0/gems/test-kitchen-1.2.1/lib/kitchen/instance.rb:305:in `call'
E, [2014-05-26T23:33:53.785283 #3493] ERROR -- Kitchen: /Users/nagane/.rbenv/versions/2.1.0/lib/ruby/gems/2.1.0/gems/test-kitchen-1.2.1/lib/kitchen/instance.rb:305:in `block in synchronize_or_call'
E, [2014-05-26T23:33:53.785313 #3493] ERROR -- Kitchen: /Users/nagane/.rbenv/versions/2.1.0/lib/ruby/gems/2.1.0/gems/test-kitchen-1.2.1/lib/kitchen/instance.rb:303:in `synchronize'
E, [2014-05-26T23:33:53.785337 #3493] ERROR -- Kitchen: /Users/nagane/.rbenv/versions/2.1.0/lib/ruby/gems/2.1.0/gems/test-kitchen-1.2.1/lib/kitchen/instance.rb:303:in `synchronize_or_call'
E, [2014-05-26T23:33:53.785359 #3493] ERROR -- Kitchen: /Users/nagane/.rbenv/versions/2.1.0/lib/ruby/gems/2.1.0/gems/test-kitchen-1.2.1/lib/kitchen/instance.rb:283:in `block in action'
E, [2014-05-26T23:33:53.785381 #3493] ERROR -- Kitchen: /Users/nagane/.rbenv/versions/2.1.0/lib/ruby/2.1.0/benchmark.rb:279:in `measure'
E, [2014-05-26T23:33:53.785403 #3493] ERROR -- Kitchen: /Users/nagane/.rbenv/versions/2.1.0/lib/ruby/gems/2.1.0/gems/test-kitchen-1.2.1/lib/kitchen/instance.rb:282:in `action'
E, [2014-05-26T23:33:53.785425 #3493] ERROR -- Kitchen: /Users/nagane/.rbenv/versions/2.1.0/lib/ruby/gems/2.1.0/gems/test-kitchen-1.2.1/lib/kitchen/instance.rb:273:in `perform_action'
E, [2014-05-26T23:33:53.785447 #3493] ERROR -- Kitchen: /Users/nagane/.rbenv/versions/2.1.0/lib/ruby/gems/2.1.0/gems/test-kitchen-1.2.1/lib/kitchen/instance.rb:252:in `create_action'
E, [2014-05-26T23:33:53.785473 #3493] ERROR -- Kitchen: /Users/nagane/.rbenv/versions/2.1.0/lib/ruby/gems/2.1.0/gems/test-kitchen-1.2.1/lib/kitchen/instance.rb:246:in `block in transition_to'
E, [2014-05-26T23:33:53.785495 #3493] ERROR -- Kitchen: /Users/nagane/.rbenv/versions/2.1.0/lib/ruby/gems/2.1.0/gems/test-kitchen-1.2.1/lib/kitchen/instance.rb:245:in `each'
E, [2014-05-26T23:33:53.785517 #3493] ERROR -- Kitchen: /Users/nagane/.rbenv/versions/2.1.0/lib/ruby/gems/2.1.0/gems/test-kitchen-1.2.1/lib/kitchen/instance.rb:245:in `transition_to'
E, [2014-05-26T23:33:53.785539 #3493] ERROR -- Kitchen: /Users/nagane/.rbenv/versions/2.1.0/lib/ruby/gems/2.1.0/gems/test-kitchen-1.2.1/lib/kitchen/instance.rb:141:in `verify'
E, [2014-05-26T23:33:53.785618 #3493] ERROR -- Kitchen: /Users/nagane/.rbenv/versions/2.1.0/lib/ruby/gems/2.1.0/gems/test-kitchen-1.2.1/lib/kitchen/instance.rb:170:in `block in test'
E, [2014-05-26T23:33:53.785642 #3493] ERROR -- Kitchen: /Users/nagane/.rbenv/versions/2.1.0/lib/ruby/2.1.0/benchmark.rb:279:in `measure'
E, [2014-05-26T23:33:53.785664 #3493] ERROR -- Kitchen: /Users/nagane/.rbenv/versions/2.1.0/lib/ruby/gems/2.1.0/gems/test-kitchen-1.2.1/lib/kitchen/instance.rb:166:in `test'
E, [2014-05-26T23:33:53.785686 #3493] ERROR -- Kitchen: /Users/nagane/.rbenv/versions/2.1.0/lib/ruby/gems/2.1.0/gems/test-kitchen-1.2.1/lib/kitchen/command.rb:109:in `public_send'
E, [2014-05-26T23:33:53.785711 #3493] ERROR -- Kitchen: /Users/nagane/.rbenv/versions/2.1.0/lib/ruby/gems/2.1.0/gems/test-kitchen-1.2.1/lib/kitchen/command.rb:109:in `block (2 levels) in run_action'
E, [2014-05-26T23:33:53.785734 #3493] ERROR -- Kitchen: ----------------------
I, [2014-05-26T23:34:27.113663 #3542]  INFO -- Kitchen: -----> Starting Kitchen (v1.2.1)
I, [2014-05-26T23:34:27.428529 #3542]  INFO -- Kitchen: -----> Cleaning up any prior instances of <default-centos-64>
I, [2014-05-26T23:34:27.428729 #3542]  INFO -- Kitchen: -----> Destroying <default-centos-64>...
I, [2014-05-26T23:34:27.429733 #3542]  INFO -- Kitchen: -----> Testing <default-centos-64>
I, [2014-05-26T23:34:27.429853 #3542]  INFO -- Kitchen: -----> Creating <default-centos-64>...
I, [2014-05-26T23:39:07.641059 #3542]  INFO -- Kitchen: -----> Converging <default-centos-64>...
E, [2014-05-26T23:40:06.388083 #3542] ERROR -- Kitchen: Converge failed on instance <default-centos-64>.
I, [2014-05-26T23:41:27.389502 #3686]  INFO -- Kitchen: -----> Starting Kitchen (v1.2.1)
I, [2014-05-26T23:41:27.704626 #3686]  INFO -- Kitchen: -----> Cleaning up any prior instances of <default-centos-64>
I, [2014-05-26T23:41:27.705212 #3686]  INFO -- Kitchen: -----> Destroying <default-centos-64>...
I, [2014-05-26T23:41:30.862395 #3686]  INFO -- Kitchen: -----> Testing <default-centos-64>
I, [2014-05-26T23:41:30.862599 #3686]  INFO -- Kitchen: -----> Creating <default-centos-64>...
I, [2014-05-26T23:42:32.935478 #3686]  INFO -- Kitchen: -----> Converging <default-centos-64>...
E, [2014-05-26T23:43:28.297930 #3686] ERROR -- Kitchen: Converge failed on instance <default-centos-64>.
I, [2014-05-26T23:54:05.151798 #4024]  INFO -- Kitchen: -----> Starting Kitchen (v1.2.1)
I, [2014-05-26T23:54:05.469629 #4024]  INFO -- Kitchen: -----> Cleaning up any prior instances of <default-centos-64>
I, [2014-05-26T23:54:05.470239 #4024]  INFO -- Kitchen: -----> Destroying <default-centos-64>...
I, [2014-05-26T23:54:08.620114 #4024]  INFO -- Kitchen: -----> Testing <default-centos-64>
I, [2014-05-26T23:54:08.620356 #4024]  INFO -- Kitchen: -----> Creating <default-centos-64>...
I, [2014-05-26T23:55:08.441899 #4024]  INFO -- Kitchen: -----> Converging <default-centos-64>...
I, [2014-05-26T23:56:05.920043 #4024]  INFO -- Kitchen: -----> Setting up <default-centos-64>...
E, [2014-05-26T23:56:50.720716 #4024] ERROR -- Kitchen: Setup failed on instance <default-centos-64>.
I, [2014-05-26T23:59:53.959117 #4248]  INFO -- Kitchen: -----> Starting Kitchen (v1.2.1)
I, [2014-05-26T23:59:54.282736 #4248]  INFO -- Kitchen: -----> Cleaning up any prior instances of <default-centos-64>
I, [2014-05-26T23:59:54.283332 #4248]  INFO -- Kitchen: -----> Destroying <default-centos-64>...
I, [2014-05-26T23:59:57.481625 #4248]  INFO -- Kitchen: -----> Testing <default-centos-64>
I, [2014-05-26T23:59:57.481845 #4248]  INFO -- Kitchen: -----> Creating <default-centos-64>...
I, [2014-05-27T00:00:43.786277 #4248]  INFO -- Kitchen: -----> Converging <default-centos-64>...
I, [2014-05-27T00:01:42.796100 #4248]  INFO -- Kitchen: -----> Setting up <default-centos-64>...
E, [2014-05-27T00:02:29.867067 #4248] ERROR -- Kitchen: Setup failed on instance <default-centos-64>.
I, [2014-05-27T00:08:22.373143 #4438]  INFO -- Kitchen: -----> Starting Kitchen (v1.2.1)
I, [2014-05-27T00:08:22.677681 #4438]  INFO -- Kitchen: -----> Cleaning up any prior instances of <default-centos-64>
I, [2014-05-27T00:08:22.678995 #4438]  INFO -- Kitchen: -----> Destroying <default-centos-64>...
I, [2014-05-27T00:08:25.877525 #4438]  INFO -- Kitchen: -----> Testing <default-centos-64>
I, [2014-05-27T00:08:25.877690 #4438]  INFO -- Kitchen: -----> Creating <default-centos-64>...
I, [2014-05-27T00:09:16.905500 #4438]  INFO -- Kitchen: -----> Converging <default-centos-64>...
I, [2014-05-27T00:10:20.681442 #4438]  INFO -- Kitchen: -----> Setting up <default-centos-64>...
E, [2014-05-27T00:11:06.157571 #4438] ERROR -- Kitchen: Setup failed on instance <default-centos-64>.
I, [2014-05-27T00:15:51.047607 #4635]  INFO -- Kitchen: -----> Starting Kitchen (v1.2.1)
I, [2014-05-27T00:15:51.366865 #4635]  INFO -- Kitchen: -----> Cleaning up any prior instances of <default-centos-64>
I, [2014-05-27T00:15:51.367471 #4635]  INFO -- Kitchen: -----> Destroying <default-centos-64>...
I, [2014-05-27T00:15:54.570104 #4635]  INFO -- Kitchen: -----> Testing <default-centos-64>
I, [2014-05-27T00:15:54.570312 #4635]  INFO -- Kitchen: -----> Creating <default-centos-64>...
I, [2014-05-27T00:16:47.655215 #4635]  INFO -- Kitchen: -----> Converging <default-centos-64>...
I, [2014-05-27T00:17:38.798283 #4635]  INFO -- Kitchen: -----> Setting up <default-centos-64>...
I, [2014-05-27T00:18:50.097739 #4635]  INFO -- Kitchen: -----> Verifying <default-centos-64>...
E, [2014-05-27T00:18:51.428142 #4635] ERROR -- Kitchen: Verify failed on instance <default-centos-64>.
I, [2014-05-27T23:18:16.671080 #8437]  INFO -- Kitchen: -----> Starting Kitchen (v1.2.1)
I, [2014-05-27T23:18:16.993926 #8437]  INFO -- Kitchen: -----> Cleaning up any prior instances of <default-centos-64>
I, [2014-05-27T23:18:16.995262 #8437]  INFO -- Kitchen: -----> Destroying <default-centos-64>...
I, [2014-05-27T23:18:19.958323 #8437]  INFO -- Kitchen: -----> Testing <default-centos-64>
I, [2014-05-27T23:18:19.958507 #8437]  INFO -- Kitchen: -----> Creating <default-centos-64>...
I, [2014-05-27T23:19:15.784593 #8437]  INFO -- Kitchen: -----> Converging <default-centos-64>...
I, [2014-05-27T23:20:09.963905 #8437]  INFO -- Kitchen: -----> Setting up <default-centos-64>...
I, [2014-05-27T23:21:21.753266 #8437]  INFO -- Kitchen: -----> Verifying <default-centos-64>...
E, [2014-05-27T23:21:23.041698 #8437] ERROR -- Kitchen: Verify failed on instance <default-centos-64>.
I, [2014-05-27T23:22:54.466870 #8662]  INFO -- Kitchen: -----> Starting Kitchen (v1.2.1)
I, [2014-05-27T23:22:54.784660 #8662]  INFO -- Kitchen: -----> Cleaning up any prior instances of <default-centos-64>
I, [2014-05-27T23:22:54.785262 #8662]  INFO -- Kitchen: -----> Destroying <default-centos-64>...
I, [2014-05-27T23:22:57.998347 #8662]  INFO -- Kitchen: -----> Testing <default-centos-64>
I, [2014-05-27T23:22:57.998504 #8662]  INFO -- Kitchen: -----> Creating <default-centos-64>...
I, [2014-05-27T23:23:44.990855 #8662]  INFO -- Kitchen: -----> Converging <default-centos-64>...
I, [2014-05-27T23:24:42.373405 #8662]  INFO -- Kitchen: -----> Setting up <default-centos-64>...
I, [2014-05-27T23:25:55.536077 #8662]  INFO -- Kitchen: -----> Verifying <default-centos-64>...
I, [2014-05-27T23:25:57.021433 #8662]  INFO -- Kitchen: -----> Destroying <default-centos-64>...
I, [2014-05-27T23:26:00.192731 #8662]  INFO -- Kitchen: -----> Kitchen is finished. (3m5.73s)
